2011-04-16 16:37:57 Debug: Notice (1024): Please change the value of 'Security.salt' in app/config/core.php to a salt value specific to your application in [C:\sandbox\kaiserstory\cake\libs\debugger.php, line 684]
2011-04-16 16:37:57 Debug: Notice (1024): Please change the value of 'Security.cipherSeed' in app/config/core.php to a numeric (digits only) seed value specific to your application in [C:\sandbox\kaiserstory\cake\libs\debugger.php, line 688]
2011-04-16 16:41:10 Debug: Notice (1024): Please change the value of 'Security.salt' in app/config/core.php to a salt value specific to your application in [C:\sandbox\kaiserstory\cake\libs\debugger.php, line 684]
2011-04-16 16:41:10 Debug: Notice (1024): Please change the value of 'Security.cipherSeed' in app/config/core.php to a numeric (digits only) seed value specific to your application in [C:\sandbox\kaiserstory\cake\libs\debugger.php, line 688]
2011-04-16 16:48:50 Debug: Notice (1024): Please change the value of 'Security.salt' in app/config/core.php to a salt value specific to your application in [C:\sandbox\kaiserstory\cake\libs\debugger.php, line 684]
2011-04-16 16:48:50 Debug: Notice (1024): Please change the value of 'Security.cipherSeed' in app/config/core.php to a numeric (digits only) seed value specific to your application in [C:\sandbox\kaiserstory\cake\libs\debugger.php, line 688]
2011-04-16 16:58:45 Debug: Notice (1024): Please change the value of 'Security.salt' in app/config/core.php to a salt value specific to your application in [C:\sandbox\kaiserstory\cake\libs\debugger.php, line 684]
2011-04-16 16:58:45 Debug: Notice (1024): Please change the value of 'Security.cipherSeed' in app/config/core.php to a numeric (digits only) seed value specific to your application in [C:\sandbox\kaiserstory\cake\libs\debugger.php, line 688]
2011-04-16 16:59:44 Debug: Notice (1024): Please change the value of 'Security.salt' in app/config/core.php to a salt value specific to your application in [C:\sandbox\kaiserstory\cake\libs\debugger.php, line 684]
2011-04-16 16:59:44 Debug: Notice (1024): Please change the value of 'Security.cipherSeed' in app/config/core.php to a numeric (digits only) seed value specific to your application in [C:\sandbox\kaiserstory\cake\libs\debugger.php, line 688]
2011-04-16 17:00:16 Debug: Notice (8): Undefined variable: content in [C:\sandbox\kaiserstory\app\controllers\media_controller.php, line 8]
2011-04-16 17:06:05 Debug: Notice (8): Use of undefined constant adaptable - assumed 'adaptable' in [C:\sandbox\kaiserstory\app\controllers\media_controller.php, line 7]
2011-04-16 17:06:05 Debug: Notice (8): Use of undefined constant Admiration - assumed 'Admiration' in [C:\sandbox\kaiserstory\app\controllers\media_controller.php, line 7]
2011-04-16 17:06:05 Debug: Notice (8): Use of undefined constant Adorable - assumed 'Adorable' in [C:\sandbox\kaiserstory\app\controllers\media_controller.php, line 7]
2011-04-16 17:06:05 Debug: Notice (8): Use of undefined constant Affectionate - assumed 'Affectionate' in [C:\sandbox\kaiserstory\app\controllers\media_controller.php, line 7]
2011-04-16 17:06:05 Debug: Notice (8): Use of undefined constant Alive - assumed 'Alive' in [C:\sandbox\kaiserstory\app\controllers\media_controller.php, line 7]
2011-04-16 17:06:05 Debug: Notice (8): Use of undefined constant Anticipate - assumed 'Anticipate' in [C:\sandbox\kaiserstory\app\controllers\media_controller.php, line 7]
2011-04-16 17:06:05 Debug: Notice (8): Use of undefined constant Appreciated - assumed 'Appreciated' in [C:\sandbox\kaiserstory\app\controllers\media_controller.php, line 7]
2011-04-16 17:06:05 Debug: Notice (8): Use of undefined constant Awe - assumed 'Awe' in [C:\sandbox\kaiserstory\app\controllers\media_controller.php, line 7]
2011-04-16 17:06:05 Debug: Notice (8): Use of undefined constant Bold - assumed 'Bold' in [C:\sandbox\kaiserstory\app\controllers\media_controller.php, line 7]
2011-04-16 17:06:05 Debug: Notice (8): Use of undefined constant Bonding - assumed 'Bonding' in [C:\sandbox\kaiserstory\app\controllers\media_controller.php, line 7]
2011-04-16 17:06:05 Debug: Notice (8): Use of undefined constant Brilliant - assumed 'Brilliant' in [C:\sandbox\kaiserstory\app\controllers\media_controller.php, line 7]
2011-04-16 17:06:05 Debug: Notice (8): Use of undefined constant Caring - assumed 'Caring' in [C:\sandbox\kaiserstory\app\controllers\media_controller.php, line 7]
2011-04-16 17:06:05 Debug: Notice (8): Use of undefined constant Cautious - assumed 'Cautious' in [C:\sandbox\kaiserstory\app\controllers\media_controller.php, line 7]
2011-04-16 17:06:05 Debug: Notice (8): Use of undefined constant Cheerful - assumed 'Cheerful' in [C:\sandbox\kaiserstory\app\controllers\media_controller.php, line 7]
2011-04-16 17:06:05 Debug: Notice (8): Use of undefined constant Clever - assumed 'Clever' in [C:\sandbox\kaiserstory\app\controllers\media_controller.php, line 7]
2011-04-16 17:06:05 Debug: Notice (8): Use of undefined constant Cognizant - assumed 'Cognizant' in [C:\sandbox\kaiserstory\app\controllers\media_controller.php, line 7]
2011-04-16 17:06:05 Debug: Notice (8): Use of undefined constant Comical - assumed 'Comical' in [C:\sandbox\kaiserstory\app\controllers\media_controller.php, line 7]
2011-04-16 17:06:05 Debug: Notice (8): Use of undefined constant Compassionate - assumed 'Compassionate' in [C:\sandbox\kaiserstory\app\controllers\media_controller.php, line 7]
2011-04-16 17:06:05 Debug: Notice (8): Use of undefined constant Content - assumed 'Content' in [C:\sandbox\kaiserstory\app\controllers\media_controller.php, line 7]
2011-04-16 17:06:05 Debug: Notice (8): Use of undefined constant Cool - assumed 'Cool' in [C:\sandbox\kaiserstory\app\controllers\media_controller.php, line 7]
2011-04-16 17:06:05 Debug: Notice (8): Use of undefined constant Coping - assumed 'Coping' in [C:\sandbox\kaiserstory\app\controllers\media_controller.php, line 7]
2011-04-16 17:06:05 Debug: Notice (8): Use of undefined constant Cordial - assumed 'Cordial' in [C:\sandbox\kaiserstory\app\controllers\media_controller.php, line 7]
2011-04-16 17:06:05 Debug: Notice (8): Use of undefined constant Creative - assumed 'Creative' in [C:\sandbox\kaiserstory\app\controllers\media_controller.php, line 7]
2011-04-16 17:06:05 Debug: Notice (8): Use of undefined constant Curious - assumed 'Curious' in [C:\sandbox\kaiserstory\app\controllers\media_controller.php, line 7]
2011-04-16 17:06:05 Debug: Notice (8): Use of undefined constant Dainty - assumed 'Dainty' in [C:\sandbox\kaiserstory\app\controllers\media_controller.php, line 7]
2011-04-16 17:06:05 Debug: Notice (8): Use of undefined constant Delight - assumed 'Delight' in [C:\sandbox\kaiserstory\app\controllers\media_controller.php, line 7]
2011-04-16 17:06:05 Debug: Notice (8): Use of undefined constant Devoted - assumed 'Devoted' in [C:\sandbox\kaiserstory\app\controllers\media_controller.php, line 7]
2011-04-16 17:06:05 Debug: Notice (8): Use of undefined constant Disciplined - assumed 'Disciplined' in [C:\sandbox\kaiserstory\app\controllers\media_controller.php, line 7]
2011-04-16 17:06:05 Debug: Notice (8): Use of undefined constant Driven - assumed 'Driven' in [C:\sandbox\kaiserstory\app\controllers\media_controller.php, line 8]
2011-04-16 17:06:05 Debug: Notice (8): Use of undefined constant Dutiful - assumed 'Dutiful' in [C:\sandbox\kaiserstory\app\controllers\media_controller.php, line 8]
2011-04-16 17:06:05 Debug: Notice (8): Use of undefined constant Dynamic - assumed 'Dynamic' in [C:\sandbox\kaiserstory\app\controllers\media_controller.php, line 8]
2011-04-16 17:06:05 Debug: Notice (8): Use of undefined constant Elated - assumed 'Elated' in [C:\sandbox\kaiserstory\app\controllers\media_controller.php, line 8]
2011-04-16 17:06:05 Debug: Notice (8): Use of undefined constant Enraged - assumed 'Enraged' in [C:\sandbox\kaiserstory\app\controllers\media_controller.php, line 8]
2011-04-16 17:06:05 Debug: Notice (8): Use of undefined constant Enthused - assumed 'Enthused' in [C:\sandbox\kaiserstory\app\controllers\media_controller.php, line 8]
2011-04-16 17:06:05 Debug: Notice (8): Use of undefined constant Enthusiastic - assumed 'Enthusiastic' in [C:\sandbox\kaiserstory\app\controllers\media_controller.php, line 8]
2011-04-16 17:06:05 Debug: Notice (8): Use of undefined constant Excited - assumed 'Excited' in [C:\sandbox\kaiserstory\app\controllers\media_controller.php, line 8]
2011-04-16 17:06:05 Debug: Notice (8): Use of undefined constant Generous - assumed 'Generous' in [C:\sandbox\kaiserstory\app\controllers\media_controller.php, line 8]
2011-04-16 17:06:05 Debug: Notice (8): Use of undefined constant Gentle - assumed 'Gentle' in [C:\sandbox\kaiserstory\app\controllers\media_controller.php, line 8]
2011-04-16 17:06:06 Debug: Notice (8): Use of undefined constant Grateful - assumed 'Grateful' in [C:\sandbox\kaiserstory\app\controllers\media_controller.php, line 8]
2011-04-16 17:06:06 Debug: Notice (8): Use of undefined constant Gratified - assumed 'Gratified' in [C:\sandbox\kaiserstory\app\controllers\media_controller.php, line 8]
2011-04-16 17:06:06 Debug: Notice (8): Use of undefined constant Forgiving - assumed 'Forgiving' in [C:\sandbox\kaiserstory\app\controllers\media_controller.php, line 9]
2011-04-16 17:06:06 Debug: Notice (8): Use of undefined constant Gay - assumed 'Gay' in [C:\sandbox\kaiserstory\app\controllers\media_controller.php, line 9]
2011-04-16 17:06:06 Debug: Notice (8): Use of undefined constant Impartial - assumed 'Impartial' in [C:\sandbox\kaiserstory\app\controllers\media_controller.php, line 9]
2011-04-16 17:06:06 Debug: Notice (8): Use of undefined constant Inspired - assumed 'Inspired' in [C:\sandbox\kaiserstory\app\controllers\media_controller.php, line 9]
2011-04-16 17:06:06 Debug: Notice (8): Use of undefined constant Instinctive - assumed 'Instinctive' in [C:\sandbox\kaiserstory\app\controllers\media_controller.php, line 9]
2011-04-16 17:06:06 Debug: Notice (8): Use of undefined constant Intuitive - assumed 'Intuitive' in [C:\sandbox\kaiserstory\app\controllers\media_controller.php, line 9]
2011-04-16 17:06:06 Debug: Notice (8): Use of undefined constant Innocent - assumed 'Innocent' in [C:\sandbox\kaiserstory\app\controllers\media_controller.php, line 10]
2011-04-16 17:06:06 Debug: Notice (8): Use of undefined constant Inquisitive - assumed 'Inquisitive' in [C:\sandbox\kaiserstory\app\controllers\media_controller.php, line 10]
2011-04-16 17:06:06 Debug: Notice (8): Use of undefined constant Happy - assumed 'Happy' in [C:\sandbox\kaiserstory\app\controllers\media_controller.php, line 10]
2011-04-16 17:06:06 Debug: Notice (8): Use of undefined constant Heroic - assumed 'Heroic' in [C:\sandbox\kaiserstory\app\controllers\media_controller.php, line 10]
2011-04-16 17:06:06 Debug: Notice (8): Use of undefined constant Honest - assumed 'Honest' in [C:\sandbox\kaiserstory\app\controllers\media_controller.php, line 10]
2011-04-16 17:06:06 Debug: Notice (8): Use of undefined constant Hopeful - assumed 'Hopeful' in [C:\sandbox\kaiserstory\app\controllers\media_controller.php, line 10]
2011-04-16 17:06:06 Debug: Notice (8): Use of undefined constant Joyful - assumed 'Joyful' in [C:\sandbox\kaiserstory\app\controllers\media_controller.php, line 11]
2011-04-16 17:06:06 Debug: Notice (8): Use of undefined constant Kind - assumed 'Kind' in [C:\sandbox\kaiserstory\app\controllers\media_controller.php, line 11]
2011-04-16 17:06:06 Debug: Notice (8): Use of undefined constant Lively - assumed 'Lively' in [C:\sandbox\kaiserstory\app\controllers\media_controller.php, line 11]
2011-04-16 17:06:06 Debug: Notice (8): Use of undefined constant Loving - assumed 'Loving' in [C:\sandbox\kaiserstory\app\controllers\media_controller.php, line 11]
2011-04-16 17:06:06 Debug: Notice (8): Use of undefined constant Lucky - assumed 'Lucky' in [C:\sandbox\kaiserstory\app\controllers\media_controller.php, line 11]
2011-04-16 17:06:06 Debug: Notice (8): Use of undefined constant Motivated - assumed 'Motivated' in [C:\sandbox\kaiserstory\app\controllers\media_controller.php, line 11]
2011-04-16 17:06:06 Debug: Notice (8): Use of undefined constant Natural - assumed 'Natural' in [C:\sandbox\kaiserstory\app\controllers\media_controller.php, line 11]
2011-04-16 17:06:06 Debug: Notice (8): Use of undefined constant Nurturing - assumed 'Nurturing' in [C:\sandbox\kaiserstory\app\controllers\media_controller.php, line 11]
2011-04-16 17:06:06 Debug: Notice (8): Use of undefined constant Optimistic - assumed 'Optimistic' in [C:\sandbox\kaiserstory\app\controllers\media_controller.php, line 11]
2011-04-16 17:06:06 Debug: Notice (8): Use of undefined constant Outstanding - assumed 'Outstanding' in [C:\sandbox\kaiserstory\app\controllers\media_controller.php, line 11]
2011-04-16 17:06:06 Debug: Notice (8): Use of undefined constant Patient - assumed 'Patient' in [C:\sandbox\kaiserstory\app\controllers\media_controller.php, line 11]
2011-04-16 17:06:06 Debug: Notice (8): Use of undefined constant Perceptive - assumed 'Perceptive' in [C:\sandbox\kaiserstory\app\controllers\media_controller.php, line 11]
2011-04-16 17:06:06 Debug: Notice (8): Use of undefined constant Perky - assumed 'Perky' in [C:\sandbox\kaiserstory\app\controllers\media_controller.php, line 11]
2011-04-16 17:06:06 Debug: Notice (8): Use of undefined constant Positive - assumed 'Positive' in [C:\sandbox\kaiserstory\app\controllers\media_controller.php, line 11]
2011-04-16 17:06:06 Debug: Notice (8): Use of undefined constant Powerful - assumed 'Powerful' in [C:\sandbox\kaiserstory\app\controllers\media_controller.php, line 11]
2011-04-16 17:06:06 Debug: Notice (8): Use of undefined constant Pride - assumed 'Pride' in [C:\sandbox\kaiserstory\app\controllers\media_controller.php, line 11]
2011-04-16 17:06:06 Debug: Notice (8): Use of undefined constant Realistic - assumed 'Realistic' in [C:\sandbox\kaiserstory\app\controllers\media_controller.php, line 12]
2011-04-16 17:06:06 Debug: Notice (8): Use of undefined constant Relaxed - assumed 'Relaxed' in [C:\sandbox\kaiserstory\app\controllers\media_controller.php, line 12]
2011-04-16 17:06:06 Debug: Notice (8): Use of undefined constant Reliable - assumed 'Reliable' in [C:\sandbox\kaiserstory\app\controllers\media_controller.php, line 12]
2011-04-16 17:06:06 Debug: Notice (8): Use of undefined constant Relief - assumed 'Relief' in [C:\sandbox\kaiserstory\app\controllers\media_controller.php, line 12]
2011-04-16 17:06:06 Debug: Notice (8): Use of undefined constant Repentant - assumed 'Repentant' in [C:\sandbox\kaiserstory\app\controllers\media_controller.php, line 12]
2011-04-16 17:06:06 Debug: Notice (8): Use of undefined constant Restrained - assumed 'Restrained' in [C:\sandbox\kaiserstory\app\controllers\media_controller.php, line 12]
2011-04-16 17:06:06 Debug: Notice (8): Use of undefined constant Reverent - assumed 'Reverent' in [C:\sandbox\kaiserstory\app\controllers\media_controller.php, line 12]
2011-04-16 17:06:06 Debug: Notice (8): Use of undefined constant Satisfy - assumed 'Satisfy' in [C:\sandbox\kaiserstory\app\controllers\media_controller.php, line 13]
2011-04-16 17:06:06 Debug: Notice (8): Use of undefined constant Sensitive - assumed 'Sensitive' in [C:\sandbox\kaiserstory\app\controllers\media_controller.php, line 13]
2011-04-16 17:06:06 Debug: Notice (8): Use of undefined constant Sentimental - assumed 'Sentimental' in [C:\sandbox\kaiserstory\app\controllers\media_controller.php, line 13]
2011-04-16 17:06:06 Debug: Notice (8): Use of undefined constant Skillful - assumed 'Skillful' in [C:\sandbox\kaiserstory\app\controllers\media_controller.php, line 13]
2011-04-16 17:06:06 Debug: Notice (8): Use of undefined constant Sure - assumed 'Sure' in [C:\sandbox\kaiserstory\app\controllers\media_controller.php, line 13]
2011-04-16 17:06:06 Debug: Notice (8): Use of undefined constant Sweet - assumed 'Sweet' in [C:\sandbox\kaiserstory\app\controllers\media_controller.php, line 13]
2011-04-16 17:06:06 Debug: Notice (8): Use of undefined constant Tame - assumed 'Tame' in [C:\sandbox\kaiserstory\app\controllers\media_controller.php, line 13]
2011-04-16 17:06:06 Debug: Notice (8): Use of undefined constant Tender - assumed 'Tender' in [C:\sandbox\kaiserstory\app\controllers\media_controller.php, line 13]
2011-04-16 17:06:06 Debug: Notice (8): Use of undefined constant Understood - assumed 'Understood' in [C:\sandbox\kaiserstory\app\controllers\media_controller.php, line 13]
2011-04-16 17:06:06 Debug: Notice (8): Use of undefined constant Victorious - assumed 'Victorious' in [C:\sandbox\kaiserstory\app\controllers\media_controller.php, line 13]
2011-04-16 17:06:06 Debug: Notice (8): Use of undefined constant Valiant - assumed 'Valiant' in [C:\sandbox\kaiserstory\app\controllers\media_controller.php, line 13]
2011-04-16 17:06:06 Debug: Notice (8): Use of undefined constant Wise - assumed 'Wise' in [C:\sandbox\kaiserstory\app\controllers\media_controller.php, line 13]
2011-04-16 17:06:06 Debug: Notice (8): Use of undefined constant Wonder - assumed 'Wonder' in [C:\sandbox\kaiserstory\app\controllers\media_controller.php, line 13]
2011-04-16 17:06:06 Debug: Notice (8): Use of undefined constant Worthy - assumed 'Worthy' in [C:\sandbox\kaiserstory\app\controllers\media_controller.php, line 13]
2011-04-16 17:06:06 Debug: Notice (8): Use of undefined constant Vocal - assumed 'Vocal' in [C:\sandbox\kaiserstory\app\controllers\media_controller.php, line 13]
2011-04-16 17:06:06 Debug: Notice (8): Use of undefined constant youthful - assumed 'youthful' in [C:\sandbox\kaiserstory\app\controllers\media_controller.php, line 13]
2011-04-16 17:14:53 Debug: Notice (8): Undefined variable: content in [C:\sandbox\kaiserstory\app\controllers\media_controller.php, line 32]
2011-04-16 17:16:11 Debug: Notice (8): Undefined variable: content in [C:\sandbox\kaiserstory\app\controllers\media_controller.php, line 32]
2011-04-16 17:16:13 Debug: Notice (8): Undefined variable: content in [C:\sandbox\kaiserstory\app\controllers\media_controller.php, line 32]
2011-04-16 17:16:31 Debug: Notice (8): Undefined index:  content in [C:\sandbox\kaiserstory\app\controllers\media_controller.php, line 32]
2011-04-16 17:20:47 Debug: Notice (8): Undefined index:  content in [C:\sandbox\kaiserstory\app\controllers\media_controller.php, line 33]
2011-04-16 17:22:55 Debug: Notice (8): Array to string conversion in [C:\sandbox\kaiserstory\app\controllers\media_controller.php, line 33]
2011-04-16 17:24:12 Debug: Notice (8): Array to string conversion in [C:\sandbox\kaiserstory\app\controllers\media_controller.php, line 34]
2011-04-16 17:26:24 Debug: Notice (8): Undefined offset:  -1 in [C:\sandbox\kaiserstory\app\controllers\media_controller.php, line 45]
2011-04-16 17:28:08 Debug: Notice (8): Undefined offset:  0 in [C:\sandbox\kaiserstory\app\controllers\media_controller.php, line 39]
2011-04-16 17:28:08 Debug: Notice (8): Undefined offset:  1 in [C:\sandbox\kaiserstory\app\controllers\media_controller.php, line 39]
2011-04-16 17:28:08 Debug: Notice (8): Undefined offset:  2 in [C:\sandbox\kaiserstory\app\controllers\media_controller.php, line 39]
2011-04-16 17:28:08 Debug: Notice (8): Undefined offset:  3 in [C:\sandbox\kaiserstory\app\controllers\media_controller.php, line 39]
2011-04-16 17:28:08 Debug: Notice (8): Undefined offset:  4 in [C:\sandbox\kaiserstory\app\controllers\media_controller.php, line 39]
2011-04-16 17:28:08 Debug: Notice (8): Undefined offset:  5 in [C:\sandbox\kaiserstory\app\controllers\media_controller.php, line 39]
2011-04-16 17:28:08 Debug: Notice (8): Undefined offset:  6 in [C:\sandbox\kaiserstory\app\controllers\media_controller.php, line 39]
2011-04-16 17:28:08 Debug: Notice (8): Undefined offset:  7 in [C:\sandbox\kaiserstory\app\controllers\media_controller.php, line 39]
2011-04-16 17:28:08 Debug: Notice (8): Undefined offset:  8 in [C:\sandbox\kaiserstory\app\controllers\media_controller.php, line 39]
2011-04-16 17:28:08 Debug: Notice (8): Undefined offset:  9 in [C:\sandbox\kaiserstory\app\controllers\media_controller.php, line 39]
2011-04-16 17:28:08 Debug: Notice (8): Undefined offset:  10 in [C:\sandbox\kaiserstory\app\controllers\media_controller.php, line 39]
2011-04-16 17:28:08 Debug: Notice (8): Undefined offset:  11 in [C:\sandbox\kaiserstory\app\controllers\media_controller.php, line 39]
2011-04-16 17:28:08 Debug: Notice (8): Undefined offset:  12 in [C:\sandbox\kaiserstory\app\controllers\media_controller.php, line 39]
2011-04-16 17:28:08 Debug: Notice (8): Undefined offset:  13 in [C:\sandbox\kaiserstory\app\controllers\media_controller.php, line 39]
2011-04-16 17:28:08 Debug: Notice (8): Undefined offset:  14 in [C:\sandbox\kaiserstory\app\controllers\media_controller.php, line 39]
2011-04-16 17:28:08 Debug: Notice (8): Undefined offset:  15 in [C:\sandbox\kaiserstory\app\controllers\media_controller.php, line 39]
2011-04-16 17:28:08 Debug: Notice (8): Undefined offset:  16 in [C:\sandbox\kaiserstory\app\controllers\media_controller.php, line 39]
2011-04-16 17:28:08 Debug: Notice (8): Undefined offset:  17 in [C:\sandbox\kaiserstory\app\controllers\media_controller.php, line 39]
2011-04-16 17:28:08 Debug: Notice (8): Undefined offset:  18 in [C:\sandbox\kaiserstory\app\controllers\media_controller.php, line 39]
2011-04-16 17:28:08 Debug: Notice (8): Undefined offset:  19 in [C:\sandbox\kaiserstory\app\controllers\media_controller.php, line 39]
2011-04-16 17:28:08 Debug: Notice (8): Undefined offset:  20 in [C:\sandbox\kaiserstory\app\controllers\media_controller.php, line 39]
2011-04-16 17:28:08 Debug: Notice (8): Undefined offset:  21 in [C:\sandbox\kaiserstory\app\controllers\media_controller.php, line 39]
2011-04-16 17:28:08 Debug: Notice (8): Undefined offset:  22 in [C:\sandbox\kaiserstory\app\controllers\media_controller.php, line 39]
2011-04-16 17:28:08 Debug: Notice (8): Undefined offset:  23 in [C:\sandbox\kaiserstory\app\controllers\media_controller.php, line 39]
2011-04-16 17:28:08 Debug: Notice (8): Undefined offset:  24 in [C:\sandbox\kaiserstory\app\controllers\media_controller.php, line 39]
2011-04-16 17:28:08 Debug: Notice (8): Undefined offset:  25 in [C:\sandbox\kaiserstory\app\controllers\media_controller.php, line 39]
2011-04-16 17:28:08 Debug: Notice (8): Undefined offset:  26 in [C:\sandbox\kaiserstory\app\controllers\media_controller.php, line 39]
2011-04-16 17:28:08 Debug: Notice (8): Undefined offset:  27 in [C:\sandbox\kaiserstory\app\controllers\media_controller.php, line 39]
2011-04-16 17:28:08 Debug: Notice (8): Undefined offset:  28 in [C:\sandbox\kaiserstory\app\controllers\media_controller.php, line 39]
2011-04-16 17:28:08 Debug: Notice (8): Undefined offset:  29 in [C:\sandbox\kaiserstory\app\controllers\media_controller.php, line 39]
2011-04-16 17:28:08 Debug: Notice (8): Undefined offset:  30 in [C:\sandbox\kaiserstory\app\controllers\media_controller.php, line 39]
2011-04-16 17:28:08 Debug: Notice (8): Undefined offset:  31 in [C:\sandbox\kaiserstory\app\controllers\media_controller.php, line 39]
2011-04-16 17:28:08 Debug: Notice (8): Undefined offset:  32 in [C:\sandbox\kaiserstory\app\controllers\media_controller.php, line 39]
2011-04-16 17:28:08 Debug: Notice (8): Undefined offset:  33 in [C:\sandbox\kaiserstory\app\controllers\media_controller.php, line 39]
2011-04-16 17:28:08 Debug: Notice (8): Undefined offset:  34 in [C:\sandbox\kaiserstory\app\controllers\media_controller.php, line 39]
2011-04-16 17:28:08 Debug: Notice (8): Undefined offset:  35 in [C:\sandbox\kaiserstory\app\controllers\media_controller.php, line 39]
2011-04-16 17:28:08 Debug: Notice (8): Undefined offset:  36 in [C:\sandbox\kaiserstory\app\controllers\media_controller.php, line 39]
2011-04-16 17:28:08 Debug: Notice (8): Undefined offset:  37 in [C:\sandbox\kaiserstory\app\controllers\media_controller.php, line 39]
2011-04-16 17:28:08 Debug: Notice (8): Undefined offset:  38 in [C:\sandbox\kaiserstory\app\controllers\media_controller.php, line 39]
2011-04-16 17:28:08 Debug: Notice (8): Undefined offset:  39 in [C:\sandbox\kaiserstory\app\controllers\media_controller.php, line 39]
2011-04-16 17:28:08 Debug: Notice (8): Undefined offset:  40 in [C:\sandbox\kaiserstory\app\controllers\media_controller.php, line 39]
2011-04-16 17:28:08 Debug: Notice (8): Undefined offset:  41 in [C:\sandbox\kaiserstory\app\controllers\media_controller.php, line 39]
2011-04-16 17:28:08 Debug: Notice (8): Undefined offset:  42 in [C:\sandbox\kaiserstory\app\controllers\media_controller.php, line 39]
2011-04-16 17:28:08 Debug: Notice (8): Undefined offset:  43 in [C:\sandbox\kaiserstory\app\controllers\media_controller.php, line 39]
2011-04-16 17:28:08 Debug: Notice (8): Undefined offset:  44 in [C:\sandbox\kaiserstory\app\controllers\media_controller.php, line 39]
2011-04-16 17:28:08 Debug: Notice (8): Undefined offset:  45 in [C:\sandbox\kaiserstory\app\controllers\media_controller.php, line 39]
2011-04-16 17:28:08 Debug: Notice (8): Undefined offset:  46 in [C:\sandbox\kaiserstory\app\controllers\media_controller.php, line 39]
2011-04-16 17:28:08 Debug: Notice (8): Undefined offset:  47 in [C:\sandbox\kaiserstory\app\controllers\media_controller.php, line 39]
2011-04-16 17:28:08 Debug: Notice (8): Undefined offset:  48 in [C:\sandbox\kaiserstory\app\controllers\media_controller.php, line 39]
2011-04-16 17:28:08 Debug: Notice (8): Undefined offset:  49 in [C:\sandbox\kaiserstory\app\controllers\media_controller.php, line 39]
2011-04-16 17:28:08 Debug: Notice (8): Undefined offset:  50 in [C:\sandbox\kaiserstory\app\controllers\media_controller.php, line 39]
2011-04-16 17:28:09 Debug: Notice (8): Undefined offset:  51 in [C:\sandbox\kaiserstory\app\controllers\media_controller.php, line 39]
2011-04-16 17:28:09 Debug: Notice (8): Undefined offset:  52 in [C:\sandbox\kaiserstory\app\controllers\media_controller.php, line 39]
2011-04-16 17:28:09 Debug: Notice (8): Undefined offset:  53 in [C:\sandbox\kaiserstory\app\controllers\media_controller.php, line 39]
2011-04-16 17:28:09 Debug: Notice (8): Undefined offset:  54 in [C:\sandbox\kaiserstory\app\controllers\media_controller.php, line 39]
2011-04-16 17:28:09 Debug: Notice (8): Undefined offset:  55 in [C:\sandbox\kaiserstory\app\controllers\media_controller.php, line 39]
2011-04-16 17:28:09 Debug: Notice (8): Undefined offset:  56 in [C:\sandbox\kaiserstory\app\controllers\media_controller.php, line 39]
2011-04-16 17:28:09 Debug: Notice (8): Undefined offset:  57 in [C:\sandbox\kaiserstory\app\controllers\media_controller.php, line 39]
2011-04-16 17:28:09 Debug: Notice (8): Undefined offset:  58 in [C:\sandbox\kaiserstory\app\controllers\media_controller.php, line 39]
2011-04-16 17:28:09 Debug: Notice (8): Undefined offset:  59 in [C:\sandbox\kaiserstory\app\controllers\media_controller.php, line 39]
2011-04-16 17:28:09 Debug: Notice (8): Undefined offset:  60 in [C:\sandbox\kaiserstory\app\controllers\media_controller.php, line 39]
2011-04-16 17:28:09 Debug: Notice (8): Undefined offset:  61 in [C:\sandbox\kaiserstory\app\controllers\media_controller.php, line 39]
2011-04-16 17:28:09 Debug: Notice (8): Undefined offset:  62 in [C:\sandbox\kaiserstory\app\controllers\media_controller.php, line 39]
2011-04-16 17:28:09 Debug: Notice (8): Undefined offset:  63 in [C:\sandbox\kaiserstory\app\controllers\media_controller.php, line 39]
2011-04-16 17:28:09 Debug: Notice (8): Undefined offset:  64 in [C:\sandbox\kaiserstory\app\controllers\media_controller.php, line 39]
2011-04-16 17:28:09 Debug: Notice (8): Undefined offset:  65 in [C:\sandbox\kaiserstory\app\controllers\media_controller.php, line 39]
2011-04-16 17:28:09 Debug: Notice (8): Undefined offset:  66 in [C:\sandbox\kaiserstory\app\controllers\media_controller.php, line 39]
2011-04-16 17:28:09 Debug: Notice (8): Undefined offset:  67 in [C:\sandbox\kaiserstory\app\controllers\media_controller.php, line 39]
2011-04-16 17:28:09 Debug: Notice (8): Undefined offset:  68 in [C:\sandbox\kaiserstory\app\controllers\media_controller.php, line 39]
2011-04-16 17:28:09 Debug: Notice (8): Undefined offset:  69 in [C:\sandbox\kaiserstory\app\controllers\media_controller.php, line 39]
2011-04-16 17:28:09 Debug: Notice (8): Undefined offset:  70 in [C:\sandbox\kaiserstory\app\controllers\media_controller.php, line 39]
2011-04-16 17:28:09 Debug: Notice (8): Undefined offset:  71 in [C:\sandbox\kaiserstory\app\controllers\media_controller.php, line 39]
2011-04-16 17:28:09 Debug: Notice (8): Undefined offset:  72 in [C:\sandbox\kaiserstory\app\controllers\media_controller.php, line 39]
2011-04-16 17:28:09 Debug: Notice (8): Undefined offset:  73 in [C:\sandbox\kaiserstory\app\controllers\media_controller.php, line 39]
2011-04-16 17:28:09 Debug: Notice (8): Undefined offset:  74 in [C:\sandbox\kaiserstory\app\controllers\media_controller.php, line 39]
2011-04-16 17:28:09 Debug: Notice (8): Undefined offset:  75 in [C:\sandbox\kaiserstory\app\controllers\media_controller.php, line 39]
2011-04-16 17:28:09 Debug: Notice (8): Undefined offset:  76 in [C:\sandbox\kaiserstory\app\controllers\media_controller.php, line 39]
2011-04-16 17:28:09 Debug: Notice (8): Undefined offset:  77 in [C:\sandbox\kaiserstory\app\controllers\media_controller.php, line 39]
2011-04-16 17:28:09 Debug: Notice (8): Undefined offset:  78 in [C:\sandbox\kaiserstory\app\controllers\media_controller.php, line 39]
2011-04-16 17:28:09 Debug: Notice (8): Undefined offset:  79 in [C:\sandbox\kaiserstory\app\controllers\media_controller.php, line 39]
2011-04-16 17:28:09 Debug: Notice (8): Undefined offset:  80 in [C:\sandbox\kaiserstory\app\controllers\media_controller.php, line 39]
2011-04-16 17:28:09 Debug: Notice (8): Undefined offset:  81 in [C:\sandbox\kaiserstory\app\controllers\media_controller.php, line 39]
2011-04-16 17:28:09 Debug: Notice (8): Undefined offset:  82 in [C:\sandbox\kaiserstory\app\controllers\media_controller.php, line 39]
2011-04-16 17:28:09 Debug: Notice (8): Undefined offset:  83 in [C:\sandbox\kaiserstory\app\controllers\media_controller.php, line 39]
2011-04-16 17:28:09 Debug: Notice (8): Undefined offset:  84 in [C:\sandbox\kaiserstory\app\controllers\media_controller.php, line 39]
2011-04-16 17:28:09 Debug: Notice (8): Undefined offset:  85 in [C:\sandbox\kaiserstory\app\controllers\media_controller.php, line 39]
2011-04-16 17:28:09 Debug: Notice (8): Undefined offset:  86 in [C:\sandbox\kaiserstory\app\controllers\media_controller.php, line 39]
2011-04-16 17:28:09 Debug: Notice (8): Undefined offset:  87 in [C:\sandbox\kaiserstory\app\controllers\media_controller.php, line 39]
2011-04-16 17:28:09 Debug: Notice (8): Undefined offset:  88 in [C:\sandbox\kaiserstory\app\controllers\media_controller.php, line 39]
2011-04-16 17:28:09 Debug: Notice (8): Undefined offset:  89 in [C:\sandbox\kaiserstory\app\controllers\media_controller.php, line 39]
2011-04-16 17:28:09 Debug: Notice (8): Undefined offset:  90 in [C:\sandbox\kaiserstory\app\controllers\media_controller.php, line 39]
2011-04-16 17:28:29 Debug: Notice (8): Undefined offset:  1 in [C:\sandbox\kaiserstory\app\controllers\media_controller.php, line 39]
2011-04-16 17:28:29 Debug: Notice (8): Undefined offset:  2 in [C:\sandbox\kaiserstory\app\controllers\media_controller.php, line 39]
2011-04-16 17:28:29 Debug: Notice (8): Undefined offset:  3 in [C:\sandbox\kaiserstory\app\controllers\media_controller.php, line 39]
2011-04-16 17:28:29 Debug: Notice (8): Undefined offset:  4 in [C:\sandbox\kaiserstory\app\controllers\media_controller.php, line 39]
2011-04-16 17:28:29 Debug: Notice (8): Undefined offset:  5 in [C:\sandbox\kaiserstory\app\controllers\media_controller.php, line 39]
2011-04-16 17:28:29 Debug: Notice (8): Undefined offset:  6 in [C:\sandbox\kaiserstory\app\controllers\media_controller.php, line 39]
2011-04-16 17:28:29 Debug: Notice (8): Undefined offset:  7 in [C:\sandbox\kaiserstory\app\controllers\media_controller.php, line 39]
2011-04-16 17:28:29 Debug: Notice (8): Undefined offset:  8 in [C:\sandbox\kaiserstory\app\controllers\media_controller.php, line 39]
2011-04-16 17:28:29 Debug: Notice (8): Undefined offset:  9 in [C:\sandbox\kaiserstory\app\controllers\media_controller.php, line 39]
2011-04-16 17:28:29 Debug: Notice (8): Undefined offset:  10 in [C:\sandbox\kaiserstory\app\controllers\media_controller.php, line 39]
2011-04-16 17:28:29 Debug: Notice (8): Undefined offset:  11 in [C:\sandbox\kaiserstory\app\controllers\media_controller.php, line 39]
2011-04-16 17:28:29 Debug: Notice (8): Undefined offset:  12 in [C:\sandbox\kaiserstory\app\controllers\media_controller.php, line 39]
2011-04-16 17:28:29 Debug: Notice (8): Undefined offset:  13 in [C:\sandbox\kaiserstory\app\controllers\media_controller.php, line 39]
2011-04-16 17:28:29 Debug: Notice (8): Undefined offset:  14 in [C:\sandbox\kaiserstory\app\controllers\media_controller.php, line 39]
2011-04-16 17:28:29 Debug: Notice (8): Undefined offset:  15 in [C:\sandbox\kaiserstory\app\controllers\media_controller.php, line 39]
2011-04-16 17:28:29 Debug: Notice (8): Undefined offset:  16 in [C:\sandbox\kaiserstory\app\controllers\media_controller.php, line 39]
2011-04-16 17:28:29 Debug: Notice (8): Undefined offset:  17 in [C:\sandbox\kaiserstory\app\controllers\media_controller.php, line 39]
2011-04-16 17:28:29 Debug: Notice (8): Undefined offset:  18 in [C:\sandbox\kaiserstory\app\controllers\media_controller.php, line 39]
2011-04-16 17:28:29 Debug: Notice (8): Undefined offset:  19 in [C:\sandbox\kaiserstory\app\controllers\media_controller.php, line 39]
2011-04-16 17:28:29 Debug: Notice (8): Undefined offset:  20 in [C:\sandbox\kaiserstory\app\controllers\media_controller.php, line 39]
2011-04-16 17:28:29 Debug: Notice (8): Undefined offset:  21 in [C:\sandbox\kaiserstory\app\controllers\media_controller.php, line 39]
2011-04-16 17:28:29 Debug: Notice (8): Undefined offset:  22 in [C:\sandbox\kaiserstory\app\controllers\media_controller.php, line 39]
2011-04-16 17:28:29 Debug: Notice (8): Undefined offset:  23 in [C:\sandbox\kaiserstory\app\controllers\media_controller.php, line 39]
2011-04-16 17:28:29 Debug: Notice (8): Undefined offset:  24 in [C:\sandbox\kaiserstory\app\controllers\media_controller.php, line 39]
2011-04-16 17:28:29 Debug: Notice (8): Undefined offset:  25 in [C:\sandbox\kaiserstory\app\controllers\media_controller.php, line 39]
2011-04-16 17:28:29 Debug: Notice (8): Undefined offset:  26 in [C:\sandbox\kaiserstory\app\controllers\media_controller.php, line 39]
2011-04-16 17:28:29 Debug: Notice (8): Undefined offset:  27 in [C:\sandbox\kaiserstory\app\controllers\media_controller.php, line 39]
2011-04-16 17:28:29 Debug: Notice (8): Undefined offset:  28 in [C:\sandbox\kaiserstory\app\controllers\media_controller.php, line 39]
2011-04-16 17:28:29 Debug: Notice (8): Undefined offset:  29 in [C:\sandbox\kaiserstory\app\controllers\media_controller.php, line 39]
2011-04-16 17:28:29 Debug: Notice (8): Undefined offset:  30 in [C:\sandbox\kaiserstory\app\controllers\media_controller.php, line 39]
2011-04-16 17:28:29 Debug: Notice (8): Undefined offset:  31 in [C:\sandbox\kaiserstory\app\controllers\media_controller.php, line 39]
2011-04-16 17:28:29 Debug: Notice (8): Undefined offset:  32 in [C:\sandbox\kaiserstory\app\controllers\media_controller.php, line 39]
2011-04-16 17:28:29 Debug: Notice (8): Undefined offset:  33 in [C:\sandbox\kaiserstory\app\controllers\media_controller.php, line 39]
2011-04-16 17:28:29 Debug: Notice (8): Undefined offset:  34 in [C:\sandbox\kaiserstory\app\controllers\media_controller.php, line 39]
2011-04-16 17:28:29 Debug: Notice (8): Undefined offset:  35 in [C:\sandbox\kaiserstory\app\controllers\media_controller.php, line 39]
2011-04-16 17:28:29 Debug: Notice (8): Undefined offset:  36 in [C:\sandbox\kaiserstory\app\controllers\media_controller.php, line 39]
2011-04-16 17:28:29 Debug: Notice (8): Undefined offset:  37 in [C:\sandbox\kaiserstory\app\controllers\media_controller.php, line 39]
2011-04-16 17:28:29 Debug: Notice (8): Undefined offset:  38 in [C:\sandbox\kaiserstory\app\controllers\media_controller.php, line 39]
2011-04-16 17:28:29 Debug: Notice (8): Undefined offset:  39 in [C:\sandbox\kaiserstory\app\controllers\media_controller.php, line 39]
2011-04-16 17:28:29 Debug: Notice (8): Undefined offset:  40 in [C:\sandbox\kaiserstory\app\controllers\media_controller.php, line 39]
2011-04-16 17:28:29 Debug: Notice (8): Undefined offset:  41 in [C:\sandbox\kaiserstory\app\controllers\media_controller.php, line 39]
2011-04-16 17:28:29 Debug: Notice (8): Undefined offset:  42 in [C:\sandbox\kaiserstory\app\controllers\media_controller.php, line 39]
2011-04-16 17:28:29 Debug: Notice (8): Undefined offset:  43 in [C:\sandbox\kaiserstory\app\controllers\media_controller.php, line 39]
2011-04-16 17:28:29 Debug: Notice (8): Undefined offset:  44 in [C:\sandbox\kaiserstory\app\controllers\media_controller.php, line 39]
2011-04-16 17:28:29 Debug: Notice (8): Undefined offset:  45 in [C:\sandbox\kaiserstory\app\controllers\media_controller.php, line 39]
2011-04-16 17:28:29 Debug: Notice (8): Undefined offset:  46 in [C:\sandbox\kaiserstory\app\controllers\media_controller.php, line 39]
2011-04-16 17:28:29 Debug: Notice (8): Undefined offset:  47 in [C:\sandbox\kaiserstory\app\controllers\media_controller.php, line 39]
2011-04-16 17:28:29 Debug: Notice (8): Undefined offset:  48 in [C:\sandbox\kaiserstory\app\controllers\media_controller.php, line 39]
2011-04-16 17:28:29 Debug: Notice (8): Undefined offset:  49 in [C:\sandbox\kaiserstory\app\controllers\media_controller.php, line 39]
2011-04-16 17:28:29 Debug: Notice (8): Undefined offset:  50 in [C:\sandbox\kaiserstory\app\controllers\media_controller.php, line 39]
2011-04-16 17:28:29 Debug: Notice (8): Undefined offset:  51 in [C:\sandbox\kaiserstory\app\controllers\media_controller.php, line 39]
2011-04-16 17:28:30 Debug: Notice (8): Undefined offset:  52 in [C:\sandbox\kaiserstory\app\controllers\media_controller.php, line 39]
2011-04-16 17:28:30 Debug: Notice (8): Undefined offset:  53 in [C:\sandbox\kaiserstory\app\controllers\media_controller.php, line 39]
2011-04-16 17:28:30 Debug: Notice (8): Undefined offset:  54 in [C:\sandbox\kaiserstory\app\controllers\media_controller.php, line 39]
2011-04-16 17:28:30 Debug: Notice (8): Undefined offset:  55 in [C:\sandbox\kaiserstory\app\controllers\media_controller.php, line 39]
2011-04-16 17:28:30 Debug: Notice (8): Undefined offset:  56 in [C:\sandbox\kaiserstory\app\controllers\media_controller.php, line 39]
2011-04-16 17:28:30 Debug: Notice (8): Undefined offset:  57 in [C:\sandbox\kaiserstory\app\controllers\media_controller.php, line 39]
2011-04-16 17:28:30 Debug: Notice (8): Undefined offset:  58 in [C:\sandbox\kaiserstory\app\controllers\media_controller.php, line 39]
2011-04-16 17:28:30 Debug: Notice (8): Undefined offset:  59 in [C:\sandbox\kaiserstory\app\controllers\media_controller.php, line 39]
2011-04-16 17:28:30 Debug: Notice (8): Undefined offset:  60 in [C:\sandbox\kaiserstory\app\controllers\media_controller.php, line 39]
2011-04-16 17:28:30 Debug: Notice (8): Undefined offset:  61 in [C:\sandbox\kaiserstory\app\controllers\media_controller.php, line 39]
2011-04-16 17:28:30 Debug: Notice (8): Undefined offset:  62 in [C:\sandbox\kaiserstory\app\controllers\media_controller.php, line 39]
2011-04-16 17:28:30 Debug: Notice (8): Undefined offset:  63 in [C:\sandbox\kaiserstory\app\controllers\media_controller.php, line 39]
2011-04-16 17:28:30 Debug: Notice (8): Undefined offset:  64 in [C:\sandbox\kaiserstory\app\controllers\media_controller.php, line 39]
2011-04-16 17:28:30 Debug: Notice (8): Undefined offset:  65 in [C:\sandbox\kaiserstory\app\controllers\media_controller.php, line 39]
2011-04-16 17:28:30 Debug: Notice (8): Undefined offset:  66 in [C:\sandbox\kaiserstory\app\controllers\media_controller.php, line 39]
2011-04-16 17:28:30 Debug: Notice (8): Undefined offset:  67 in [C:\sandbox\kaiserstory\app\controllers\media_controller.php, line 39]
2011-04-16 17:28:30 Debug: Notice (8): Undefined offset:  68 in [C:\sandbox\kaiserstory\app\controllers\media_controller.php, line 39]
2011-04-16 17:28:30 Debug: Notice (8): Undefined offset:  69 in [C:\sandbox\kaiserstory\app\controllers\media_controller.php, line 39]
2011-04-16 17:28:30 Debug: Notice (8): Undefined offset:  70 in [C:\sandbox\kaiserstory\app\controllers\media_controller.php, line 39]
2011-04-16 17:28:30 Debug: Notice (8): Undefined offset:  71 in [C:\sandbox\kaiserstory\app\controllers\media_controller.php, line 39]
2011-04-16 17:28:30 Debug: Notice (8): Undefined offset:  72 in [C:\sandbox\kaiserstory\app\controllers\media_controller.php, line 39]
2011-04-16 17:28:30 Debug: Notice (8): Undefined offset:  73 in [C:\sandbox\kaiserstory\app\controllers\media_controller.php, line 39]
2011-04-16 17:28:30 Debug: Notice (8): Undefined offset:  74 in [C:\sandbox\kaiserstory\app\controllers\media_controller.php, line 39]
2011-04-16 17:28:30 Debug: Notice (8): Undefined offset:  75 in [C:\sandbox\kaiserstory\app\controllers\media_controller.php, line 39]
2011-04-16 17:28:30 Debug: Notice (8): Undefined offset:  76 in [C:\sandbox\kaiserstory\app\controllers\media_controller.php, line 39]
2011-04-16 17:28:30 Debug: Notice (8): Undefined offset:  77 in [C:\sandbox\kaiserstory\app\controllers\media_controller.php, line 39]
2011-04-16 17:28:30 Debug: Notice (8): Undefined offset:  78 in [C:\sandbox\kaiserstory\app\controllers\media_controller.php, line 39]
2011-04-16 17:28:30 Debug: Notice (8): Undefined offset:  79 in [C:\sandbox\kaiserstory\app\controllers\media_controller.php, line 39]
2011-04-16 17:28:30 Debug: Notice (8): Undefined offset:  80 in [C:\sandbox\kaiserstory\app\controllers\media_controller.php, line 39]
2011-04-16 17:28:30 Debug: Notice (8): Undefined offset:  81 in [C:\sandbox\kaiserstory\app\controllers\media_controller.php, line 39]
2011-04-16 17:28:30 Debug: Notice (8): Undefined offset:  82 in [C:\sandbox\kaiserstory\app\controllers\media_controller.php, line 39]
2011-04-16 17:28:30 Debug: Notice (8): Undefined offset:  83 in [C:\sandbox\kaiserstory\app\controllers\media_controller.php, line 39]
2011-04-16 17:28:30 Debug: Notice (8): Undefined offset:  84 in [C:\sandbox\kaiserstory\app\controllers\media_controller.php, line 39]
2011-04-16 17:28:30 Debug: Notice (8): Undefined offset:  85 in [C:\sandbox\kaiserstory\app\controllers\media_controller.php, line 39]
2011-04-16 17:28:30 Debug: Notice (8): Undefined offset:  86 in [C:\sandbox\kaiserstory\app\controllers\media_controller.php, line 39]
2011-04-16 17:28:30 Debug: Notice (8): Undefined offset:  87 in [C:\sandbox\kaiserstory\app\controllers\media_controller.php, line 39]
2011-04-16 17:28:30 Debug: Notice (8): Undefined offset:  88 in [C:\sandbox\kaiserstory\app\controllers\media_controller.php, line 39]
2011-04-16 17:28:30 Debug: Notice (8): Undefined offset:  89 in [C:\sandbox\kaiserstory\app\controllers\media_controller.php, line 39]
2011-04-16 17:28:30 Debug: Notice (8): Undefined offset:  90 in [C:\sandbox\kaiserstory\app\controllers\media_controller.php, line 39]
2011-04-16 17:29:10 Debug: Notice (8): Undefined offset:  75 in [C:\sandbox\kaiserstory\app\controllers\media_controller.php, line 39]
2011-04-16 17:29:11 Debug: Notice (8): Undefined offset:  76 in [C:\sandbox\kaiserstory\app\controllers\media_controller.php, line 39]
2011-04-16 17:29:11 Debug: Notice (8): Undefined offset:  77 in [C:\sandbox\kaiserstory\app\controllers\media_controller.php, line 39]
2011-04-16 17:29:11 Debug: Notice (8): Undefined offset:  78 in [C:\sandbox\kaiserstory\app\controllers\media_controller.php, line 39]
2011-04-16 17:29:11 Debug: Notice (8): Undefined offset:  79 in [C:\sandbox\kaiserstory\app\controllers\media_controller.php, line 39]
2011-04-16 17:29:11 Debug: Notice (8): Undefined offset:  80 in [C:\sandbox\kaiserstory\app\controllers\media_controller.php, line 39]
2011-04-16 17:29:11 Debug: Notice (8): Undefined offset:  81 in [C:\sandbox\kaiserstory\app\controllers\media_controller.php, line 39]
2011-04-16 17:29:11 Debug: Notice (8): Undefined offset:  82 in [C:\sandbox\kaiserstory\app\controllers\media_controller.php, line 39]
2011-04-16 17:29:11 Debug: Notice (8): Undefined offset:  83 in [C:\sandbox\kaiserstory\app\controllers\media_controller.php, line 39]
2011-04-16 17:29:11 Debug: Notice (8): Undefined offset:  84 in [C:\sandbox\kaiserstory\app\controllers\media_controller.php, line 39]
2011-04-16 17:29:11 Debug: Notice (8): Undefined offset:  85 in [C:\sandbox\kaiserstory\app\controllers\media_controller.php, line 39]
2011-04-16 17:29:11 Debug: Notice (8): Undefined offset:  86 in [C:\sandbox\kaiserstory\app\controllers\media_controller.php, line 39]
2011-04-16 17:29:11 Debug: Notice (8): Undefined offset:  87 in [C:\sandbox\kaiserstory\app\controllers\media_controller.php, line 39]
2011-04-16 17:29:11 Debug: Notice (8): Undefined offset:  88 in [C:\sandbox\kaiserstory\app\controllers\media_controller.php, line 39]
2011-04-16 17:29:11 Debug: Notice (8): Undefined offset:  89 in [C:\sandbox\kaiserstory\app\controllers\media_controller.php, line 39]
2011-04-16 17:29:11 Debug: Notice (8): Undefined offset:  90 in [C:\sandbox\kaiserstory\app\controllers\media_controller.php, line 39]
2011-04-16 17:29:23 Debug: Notice (8): Undefined offset:  83 in [C:\sandbox\kaiserstory\app\controllers\media_controller.php, line 39]
2011-04-16 17:29:23 Debug: Notice (8): Undefined offset:  84 in [C:\sandbox\kaiserstory\app\controllers\media_controller.php, line 39]
2011-04-16 17:29:23 Debug: Notice (8): Undefined offset:  85 in [C:\sandbox\kaiserstory\app\controllers\media_controller.php, line 39]
2011-04-16 17:29:23 Debug: Notice (8): Undefined offset:  86 in [C:\sandbox\kaiserstory\app\controllers\media_controller.php, line 39]
2011-04-16 17:29:23 Debug: Notice (8): Undefined offset:  87 in [C:\sandbox\kaiserstory\app\controllers\media_controller.php, line 39]
2011-04-16 17:29:23 Debug: Notice (8): Undefined offset:  88 in [C:\sandbox\kaiserstory\app\controllers\media_controller.php, line 39]
2011-04-16 17:29:23 Debug: Notice (8): Undefined offset:  89 in [C:\sandbox\kaiserstory\app\controllers\media_controller.php, line 39]
2011-04-16 17:29:23 Debug: Notice (8): Undefined offset:  90 in [C:\sandbox\kaiserstory\app\controllers\media_controller.php, line 39]
2011-04-16 17:29:34 Debug: Notice (8): Undefined offset:  89 in [C:\sandbox\kaiserstory\app\controllers\media_controller.php, line 39]
2011-04-16 17:29:34 Debug: Notice (8): Undefined offset:  90 in [C:\sandbox\kaiserstory\app\controllers\media_controller.php, line 39]
